Drill Listing
=============
Drill: .008  Tool: 1  Feed: 0  Speed: 0
X 1060956  Y 929400
X 1050956  Y 929400
X 1070956  Y 929400
X 1060156  Y 942200
X 1050156  Y 942200
X 1070156  Y 942200
X 1050156  Y 952200
X 1060156  Y 952200
X 1070156  Y 952200
X 1070156  Y 962200
X 1060156  Y 962200
X 1050156  Y 962200
X 1070156  Y 972200
X 1060156  Y 972200
X 1050156  Y 972200
X 1050000  Y 979000
X 1053800  Y 992200
X 1064700  Y 992800
X 1069156  Y 1005000
X 1059156  Y 1005000
X 1049156  Y 1005000
X 1078000  Y 1005000
X 1090156  Y 1002200
X 1088100  Y 984400
X 1092500  Y 979000
X 1080156  Y 972200
X 1095500  Y 964900
X 1080156  Y 962200
X 1095000  Y 959500
X 1080156  Y 952200
X 1080156  Y 942200
X 1080956  Y 929400
X 1092700  Y 919100
X 1120156  Y 882200
X 1110156  Y 882200
X 1110156  Y 892200
X 1110156  Y 902200
X 1110156  Y 912200
X 1110156  Y 922200
X 1120500  Y 929500
X 1120600  Y 944100
X 1120500  Y 951100
X 1120500  Y 958000
X 1106800  Y 982200
X 1123000  Y 985000
X 1106700  Y 985100
X 1124000  Y 994500
X 1122600  Y 1004100
X 1111900  Y 1007200
X 1114700  Y 1011100
X 1110156  Y 1022200
X 1110156  Y 1032200
X 1140156  Y 1032200
X 1130156  Y 1032200
X 1146200  Y 1010600
X 1136100  Y 995100
X 1128200  Y 985000
X 1148000  Y 971500
X 1136900  Y 969900
X 1133000  Y 969900
X 1132800  Y 962300
X 1137000  Y 962000
X 1135500  Y 949500
X 1132700  Y 942100
X 1138500  Y 939600
X 1130500  Y 927000
X 1135300  Y 923400
X 1140156  Y 912200
X 1140156  Y 892200
X 1130156  Y 882200
X 1150156  Y 882200
X 1170000  Y 892500
X 1165500  Y 925300
X 1157500  Y 930400
X 1155100  Y 931000
X 1171400  Y 932000
X 1171500  Y 945500
X 1157600  Y 947300
X 1155300  Y 984200
X 1153500  Y 986300
X 1155500  Y 1005000
X 1156600  Y 1008300
X 1152200  Y 1010500
X 1163400  Y 1010800
X 1160200  Y 1016000
X 1170700  Y 1019000
X 1184400  Y 1022900
X 1181500  Y 1019500
X 1179100  Y 1014100
X 1175200  Y 1013300
X 1180900  Y 1006500
X 1192100  Y 1005700
X 1193200  Y 991800
X 1197900  Y 981300
X 1195200  Y 980600
X 1195200  Y 977500
X 1187700  Y 976400
X 1195200  Y 974900
X 1195200  Y 972300
X 1198400  Y 959700
X 1185300  Y 945000
X 1183300  Y 942200
X 1196900  Y 930400
X 1178700  Y 928600
X 1184200  Y 928500
X 1181500  Y 928500
X 1186700  Y 925500
X 1192900  Y 925300
X 1174300  Y 917600
X 1181000  Y 906500
X 1195200  Y 904800
X 1185500  Y 897000
X 1183000  Y 884500
X 1202700  Y 894800
X 1213000  Y 894800
X 1205800  Y 903100
X 1199700  Y 903300
X 1221400  Y 912100
X 1213800  Y 917600
X 1221400  Y 920200
X 1209000  Y 926300
X 1214000  Y 944000
X 1210400  Y 947800
X 1214900  Y 952200
X 1215200  Y 955100
X 1199200  Y 955700
X 1220156  Y 982200
X 1210600  Y 983200
X 1210500  Y 988500
X 1218400  Y 997600
X 1222000  Y 1001100
X 1200000  Y 1005500
X 1211000  Y 1013300
X 1201000  Y 1015500
X 1229800  Y 1013300
X 1224600  Y 998000
X 1239700  Y 997800
X 1233400  Y 983600
X 1245000  Y 977500
X 1236800  Y 966800
X 1233700  Y 966800
X 1239600  Y 966700
X 1225600  Y 965400
X 1239500  Y 962300
X 1236700  Y 962300
X 1233800  Y 962200
X 1225700  Y 961600
X 1244500  Y 945000
X 1229600  Y 936700
X 1235600  Y 933000
X 1226000  Y 933000
X 1230100  Y 926700
X 1225700  Y 924100
X 1244500  Y 923500
X 1229700  Y 915400
X 1245500  Y 910500
X 1245500  Y 901500
X 1230500  Y 901500
X 1247500  Y 895000
X 1234500  Y 895000
X 1240156  Y 882200
X 1260156  Y 882200
X 1250156  Y 882200
X 1270156  Y 882200
X 1270156  Y 902200
X 1260156  Y 902200
X 1270156  Y 912200
X 1250500  Y 917500
X 1271500  Y 926000
X 1254500  Y 937900
X 1267500  Y 941300
X 1254500  Y 942400
X 1254000  Y 953500
X 1254000  Y 959000
X 1254000  Y 966500
X 1271700  Y 967900
X 1251000  Y 971500
X 1260156  Y 992200
X 1250156  Y 992200
X 1260156  Y 1000500
X 1250156  Y 1000500
X 1270156  Y 1000500
X 1266600  Y 1014500
X 1255500  Y 1014600
X 1250900  Y 1020500
X 1260800  Y 1020700
X 1290156  Y 1032200
X 1280156  Y 1032200
X 1290156  Y 1022200
X 1280156  Y 1022200
X 1286500  Y 1015500
X 1277600  Y 1015100
X 1286500  Y 1006500
X 1274500  Y 1001000
X 1276200  Y 998300
X 1274500  Y 982100
X 1274500  Y 978000
X 1275000  Y 970000
X 1274600  Y 959400
X 1274700  Y 951300
X 1274300  Y 941200
X 1278500  Y 933000
X 1284500  Y 926000
X 1280100  Y 916900
X 1290156  Y 912200
X 1290156  Y 902200
X 1280156  Y 882200
X 1290156  Y 882200
X 1310156  Y 882200
X 1320156  Y 882200
X 1300156  Y 882200
X 1320156  Y 892200
X 1310156  Y 892200
X 1310156  Y 902200
X 1320156  Y 902200
X 1300156  Y 912200
X 1302800  Y 926100
X 1320156  Y 932200
X 1310156  Y 932200
X 1301500  Y 1000800
X 1320156  Y 1012200
X 1310156  Y 1012200
X 1301500  Y 1019300
X 1300156  Y 1022200
X 1320156  Y 1022200
X 1310156  Y 1032200
X 1300156  Y 1032200
X 1320156  Y 1032200
X 1340156  Y 1032200
X 1340156  Y 1012200
X 1339000  Y 937500
X 1340156  Y 902200
X 1340156  Y 882200
X 1330156  Y 882200

Drill: .012  Tool: 2  Feed: 95  Speed: 300
X 1202000  Y 915000
X 1094400  Y 989700
X 1265000  Y 965000

Drill: .018  Tool: 3  Feed: 95  Speed: 300
X 1131500  Y 994000
X 1113100  Y 997600
X 1139500  Y 1005500
X 1150500  Y 1005500
X 1150000  Y 953500
X 1160000  Y 949800
X 1191800  Y 949800
X 1223000  Y 898000
X 1261800  Y 955500
X 1281500  Y 1010500

Drill: .02756  Tool: 4  Feed: 197  Speed: 550
X 1319280  Y 914242
X 1319280  Y 919242
X 1324280  Y 919242
X 1329280  Y 919242
X 1334280  Y 919242
X 1339280  Y 919242
X 1334280  Y 914242
X 1329280  Y 914242
X 1339280  Y 914242
X 1324280  Y 914242

Drill: .035  Tool: 5  Feed: 197  Speed: 550
X 1072800  Y 913600
X 1062800  Y 913600
X 1052800  Y 913600
X 1082800  Y 913600
X 1062800  Y 998500
X 1052800  Y 998500
X 1082800  Y 998500
X 1072800  Y 998500
X 1145279  Y 1029554
X 1155279  Y 1029554
X 1165279  Y 1029554
X 1155279  Y 1019554
X 1145279  Y 1019554
X 1165279  Y 1019554
X 1157860  Y 887874
X 1167860  Y 887874
X 1197860  Y 887874
X 1187860  Y 887874
X 1177860  Y 887874
X 1217860  Y 887874
X 1207860  Y 887874
X 1219620  Y 1029606
X 1209620  Y 1029606
X 1199620  Y 1029606
X 1179620  Y 1029606
X 1189620  Y 1029606
X 1229620  Y 1029606
X 1239620  Y 1029606
X 1269620  Y 1029606
X 1259620  Y 1029606
X 1249620  Y 1029606
X 1267860  Y 887874
X 1257860  Y 887874
X 1247860  Y 887874
X 1237860  Y 887874
X 1227860  Y 887874
X 1297860  Y 887874
X 1277860  Y 887874
X 1287860  Y 887874

Drill: .03543  Tool: 6  Feed: 197  Speed: 550
X 1295500  Y 954480
X 1285500  Y 959480
X 1295500  Y 964480
X 1285500  Y 969480
X 1295500  Y 974480
X 1285500  Y 979480
X 1295500  Y 984480
X 1285500  Y 989480
X 1339791  Y 998083
X 1339791  Y 988083
X 1339791  Y 955917
X 1339791  Y 945917

Drill: .04724  Tool: 7  Feed: 139  Speed: 550
X 1100000  Y 930665
X 1100000  Y 938539
X 1100000  Y 946413
X 1100000  Y 954287
X 1100000  Y 962161
X 1100000  Y 970035
X 1100000  Y 977909
X 1100000  Y 985783
X 1100000  Y 993657

Drill: .06693  Tool: 8  Feed: 89  Speed: 550
X 1308492  Y 941508
X 1308492  Y 1002492

Drill: .13386  Tool: 9  Feed: 35  Speed: 794
X 1320500  Y 949500
X 1320500  Y 994500

Drill: .17717  Tool: 10  Feed: 35  Speed: 1033
X 1124346  Y 894567
X 1124346  Y 1022913
X 1331433  Y 1022913
X 1331433  Y 894567

End of Listing
